# JRE version: OpenJDK Runtime Environment Temurin-21.0.6+7 (21.0.6+7) (build 21.0.6+7-LTS)
# Java VM: OpenJDK 64-Bit Server VM Temurin-21.0.6+7 (21.0.6+7-LTS, mixed mode, sharing, tiered, compressed oops, compressed class ptrs, parallel gc, windows-amd64)
GC Precious Log:
 CardTable entry size: 512
 CPUs: 8 total, 8 available
 Memory: 7914M
 Large Page Support: Disabled
 NUMA Support: Disabled
 Compressed Oops: Enabled (32-bit)
 Alignments: Space 512K, Generation 512K, Heap 2M
 Heap Min Capacity: 100M
 Heap Initial Capacity: 100M
 Heap Max Capacity: 1G
 Pre-touch: Disabled
 Parallel Workers: 8
Heap:
 PSYoungGen      total 23552K, used 15758K [0x00000000eab00000, 0x00000000ec500000, 0x0000000100000000)
  eden space 21504K, 65% used [0x00000000eab00000,0x00000000eb8d9850,0x00000000ec000000)
  from space 2048K, 76% used [0x00000000ec300000,0x00000000ec48a148,0x00000000ec500000)
  to   space 2048K, 0% used [0x00000000ec000000,0x00000000ec000000,0x00000000ec200000)
 ParOldGen       total 68608K, used 26784K [0x00000000c0000000, 0x00000000c4300000, 0x00000000eab00000)
  object space 68608K, 39% used [0x00000000c0000000,0x00000000c1a28268,0x00000000c4300000)
 Metaspace       used 33906K, committed 34752K, reserved 1114112K
  class space    used 3386K, committed 3776K, reserved 1048576K
GC Heap History (20 events):
Event: 3.689 GC heap before
{Heap before GC invocations=8 (full 1):
 PSYoungGen      total 29184K, used 25088K [0x00000000eab00000, 0x00000000ece00000, 0x0000000100000000)
  eden space 25088K, 100% used [0x00000000eab00000,0x00000000ec380000,0x00000000ec380000)
  from space 4096K, 0% used [0x00000000eca00000,0x00000000eca00000,0x00000000ece00000)
  to   space 5120K, 0% used [0x00000000ec400000,0x00000000ec400000,0x00000000ec900000)
 ParOldGen       total 68608K, used 8294K [0x00000000c0000000, 0x00000000c4300000, 0x00000000eab00000)
  object space 68608K, 12% used [0x00000000c0000000,0x00000000c08198c8,0x00000000c4300000)
 Metaspace       used 22762K, committed 23488K, reserved 1114112K
  class space    used 2123K, committed 2432K, reserved 1048576K
}
Event: 3.692 GC heap after
{Heap after GC invocations=8 (full 1):
 PSYoungGen      total 28160K, used 3073K [0x00000000eab00000, 0x00000000eca80000, 0x0000000100000000)
  eden space 24576K, 0% used [0x00000000eab00000,0x00000000eab00000,0x00000000ec300000)
  from space 3584K, 85% used [0x00000000ec400000,0x00000000ec700520,0x00000000ec780000)
  to   space 3072K, 0% used [0x00000000ec780000,0x00000000ec780000,0x00000000eca80000)
 ParOldGen       total 68608K, used 8302K [0x00000000c0000000, 0x00000000c4300000, 0x00000000eab00000)
  object space 68608K, 12% used [0x00000000c0000000,0x00000000c081b8c8,0x00000000c4300000)
 Metaspace       used 22762K, committed 23488K, reserved 1114112K
  class space    used 2123K, committed 2432K, reserved 1048576K
}
Event: 4.240 GC heap before
{Heap before GC invocations=9 (full 1):
 PSYoungGen      total 28160K, used 27649K [0x00000000eab00000, 0x00000000eca80000, 0x0000000100000000)
  eden space 24576K, 100% used [0x00000000eab00000,0x00000000ec300000,0x00000000ec300000)
  from space 3584K, 85% used [0x00000000ec400000,0x00000000ec700520,0x00000000ec780000)
  to   space 3072K, 0% used [0x00000000ec780000,0x00000000ec780000,0x00000000eca80000)
 ParOldGen       total 68608K, used 8302K [0x00000000c0000000, 0x00000000c4300000, 0x00000000eab00000)
  object space 68608K, 12% used [0x00000000c0000000,0x00000000c081b8c8,0x00000000c4300000)
 Metaspace       used 26604K, committed 27456K, reserved 1114112K
  class space    used 2559K, committed 2880K, reserved 1048576K
}
Event: 4.243 GC heap after
{Heap after GC invocations=9 (full 1):
 PSYoungGen      total 27136K, used 3045K [0x00000000eab00000, 0x00000000ecb80000, 0x0000000100000000)
  eden space 24064K, 0% used [0x00000000eab00000,0x00000000eab00000,0x00000000ec280000)
  from space 3072K, 99% used [0x00000000ec780000,0x00000000eca79688,0x00000000eca80000)
  to   space 4608K, 0% used [0x00000000ec280000,0x00000000ec280000,0x00000000ec700000)
 ParOldGen       total 68608K, used 9579K [0x00000000c0000000, 0x00000000c4300000, 0x00000000eab00000)
  object space 68608K, 13% used [0x00000000c0000000,0x00000000c095add8,0x00000000c4300000)
 Metaspace       used 26604K, committed 27456K, reserved 1114112K
  class space    used 2559K, committed 2880K, reserved 1048576K
}
Event: 4.886 GC heap before
{Heap before GC invocations=10 (full 1):
 PSYoungGen      total 27136K, used 27095K [0x00000000eab00000, 0x00000000ecb80000, 0x0000000100000000)
  eden space 24064K, 99% used [0x00000000eab00000,0x00000000ec27c828,0x00000000ec280000)
  from space 3072K, 99% used [0x00000000ec780000,0x00000000eca79688,0x00000000eca80000)
  to   space 4608K, 0% used [0x00000000ec280000,0x00000000ec280000,0x00000000ec700000)
 ParOldGen       total 68608K, used 9579K [0x00000000c0000000, 0x00000000c4300000, 0x00000000eab00000)
  object space 68608K, 13% used [0x00000000c0000000,0x00000000c095add8,0x00000000c4300000)
 Metaspace       used 30436K, committed 31296K, reserved 1114112K
  class space    used 2974K, committed 3392K, reserved 1048576K
}
Event: 4.891 GC heap after
{Heap after GC invocations=10 (full 1):
 PSYoungGen      total 28160K, used 4588K [0x00000000eab00000, 0x00000000ecc00000, 0x0000000100000000)
  eden space 23552K, 0% used [0x00000000eab00000,0x00000000eab00000,0x00000000ec200000)
  from space 4608K, 99% used [0x00000000ec280000,0x00000000ec6fb3b0,0x00000000ec700000)
  to   space 5120K, 0% used [0x00000000ec700000,0x00000000ec700000,0x00000000ecc00000)
 ParOldGen       total 68608K, used 9853K [0x00000000c0000000, 0x00000000c4300000, 0x00000000eab00000)
  object space 68608K, 14% used [0x00000000c0000000,0x00000000c099f580,0x00000000c4300000)
 Metaspace       used 30436K, committed 31296K, reserved 1114112K
  class space    used 2974K, committed 3392K, reserved 1048576K
}
Event: 5.183 GC heap before
{Heap before GC invocations=11 (full 1):
 PSYoungGen      total 28160K, used 28140K [0x00000000eab00000, 0x00000000ecc00000, 0x0000000100000000)
  eden space 23552K, 100% used [0x00000000eab00000,0x00000000ec200000,0x00000000ec200000)
  from space 4608K, 99% used [0x00000000ec280000,0x00000000ec6fb3b0,0x00000000ec700000)
  to   space 5120K, 0% used [0x00000000ec700000,0x00000000ec700000,0x00000000ecc00000)
 ParOldGen       total 68608K, used 9853K [0x00000000c0000000, 0x00000000c4300000, 0x00000000eab00000)
  object space 68608K, 14% used [0x00000000c0000000,0x00000000c099f580,0x00000000c4300000)
 Metaspace       used 31214K, committed 32064K, reserved 1114112K
  class space    used 3039K, committed 3392K, reserved 1048576K
}
Event: 5.192 GC heap after
{Heap after GC invocations=11 (full 1):
 PSYoungGen      total 27136K, used 4067K [0x00000000eab00000, 0x00000000ecb00000, 0x0000000100000000)
  eden space 23040K, 0% used [0x00000000eab00000,0x00000000eab00000,0x00000000ec180000)
  from space 4096K, 99% used [0x00000000ec700000,0x00000000ecaf8f48,0x00000000ecb00000)
  to   space 4608K, 0% used [0x00000000ec200000,0x00000000ec200000,0x00000000ec680000)
 ParOldGen       total 68608K, used 12604K [0x00000000c0000000, 0x00000000c4300000, 0x00000000eab00000)
  object space 68608K, 18% used [0x00000000c0000000,0x00000000c0c4f200,0x00000000c4300000)
 Metaspace       used 31214K, committed 32064K, reserved 1114112K
  class space    used 3039K, committed 3392K, reserved 1048576K
}
Event: 5.330 GC heap before
{Heap before GC invocations=12 (full 1):
 PSYoungGen      total 27136K, used 27107K [0x00000000eab00000, 0x00000000ecb00000, 0x0000000100000000)
  eden space 23040K, 100% used [0x00000000eab00000,0x00000000ec180000,0x00000000ec180000)
  from space 4096K, 99% used [0x00000000ec700000,0x00000000ecaf8f48,0x00000000ecb00000)
  to   space 4608K, 0% used [0x00000000ec200000,0x00000000ec200000,0x00000000ec680000)
 ParOldGen       total 68608K, used 12604K [0x00000000c0000000, 0x00000000c4300000, 0x00000000eab00000)
  object space 68608K, 18% used [0x00000000c0000000,0x00000000c0c4f200,0x00000000c4300000)
 Metaspace       used 31597K, committed 32448K, reserved 1114112K
  class space    used 3095K, committed 3456K, reserved 1048576K
}
Event: 5.337 GC heap after
{Heap after GC invocations=12 (full 1):
 PSYoungGen      total 25088K, used 2274K [0x00000000eab00000, 0x00000000ec780000, 0x0000000100000000)
  eden space 22528K, 0% used [0x00000000eab00000,0x00000000eab00000,0x00000000ec100000)
  from space 2560K, 88% used [0x00000000ec200000,0x00000000ec438810,0x00000000ec480000)
  to   space 3072K, 0% used [0x00000000ec480000,0x00000000ec480000,0x00000000ec780000)
 ParOldGen       total 68608K, used 16532K [0x00000000c0000000, 0x00000000c4300000, 0x00000000eab00000)
  object space 68608K, 24% used [0x00000000c0000000,0x00000000c1025090,0x00000000c4300000)
 Metaspace       used 31597K, committed 32448K, reserved 1114112K
  class space    used 3095K, committed 3456K, reserved 1048576K
}
Event: 5.447 GC heap before
{Heap before GC invocations=13 (full 1):
 PSYoungGen      total 25088K, used 24802K [0x00000000eab00000, 0x00000000ec780000, 0x0000000100000000)
  eden space 22528K, 100% used [0x00000000eab00000,0x00000000ec100000,0x00000000ec100000)
  from space 2560K, 88% used [0x00000000ec200000,0x00000000ec438810,0x00000000ec480000)
  to   space 3072K, 0% used [0x00000000ec480000,0x00000000ec480000,0x00000000ec780000)
 ParOldGen       total 68608K, used 16532K [0x00000000c0000000, 0x00000000c4300000, 0x00000000eab00000)
  object space 68608K, 24% used [0x00000000c0000000,0x00000000c1025090,0x00000000c4300000)
 Metaspace       used 31602K, committed 32448K, reserved 1114112K
  class space    used 3095K, committed 3456K, reserved 1048576K
}
Event: 5.452 GC heap after
{Heap after GC invocations=13 (full 1):
 PSYoungGen      total 24576K, used 2336K [0x00000000eab00000, 0x00000000ec700000, 0x0000000100000000)
  eden space 22016K, 0% used [0x00000000eab00000,0x00000000eab00000,0x00000000ec080000)
  from space 2560K, 91% used [0x00000000ec480000,0x00000000ec6c8010,0x00000000ec700000)
  to   space 2560K, 0% used [0x00000000ec200000,0x00000000ec200000,0x00000000ec480000)
 ParOldGen       total 68608K, used 18746K [0x00000000c0000000, 0x00000000c4300000, 0x00000000eab00000)
  object space 68608K, 27% used [0x00000000c0000000,0x00000000c124e9d0,0x00000000c4300000)
 Metaspace       used 31602K, committed 32448K, reserved 1114112K
  class space    used 3095K, committed 3456K, reserved 1048576K
}
Event: 5.534 GC heap before
{Heap before GC invocations=14 (full 1):
 PSYoungGen      total 24576K, used 24352K [0x00000000eab00000, 0x00000000ec700000, 0x0000000100000000)
  eden space 22016K, 100% used [0x00000000eab00000,0x00000000ec080000,0x00000000ec080000)
  from space 2560K, 91% used [0x00000000ec480000,0x00000000ec6c8010,0x00000000ec700000)
  to   space 2560K, 0% used [0x00000000ec200000,0x00000000ec200000,0x00000000ec480000)
 ParOldGen       total 68608K, used 18746K [0x00000000c0000000, 0x00000000c4300000, 0x00000000eab00000)
  object space 68608K, 27% used [0x00000000c0000000,0x00000000c124e9d0,0x00000000c4300000)
 Metaspace       used 31617K, committed 32448K, reserved 1114112K
  class space    used 3095K, committed 3456K, reserved 1048576K
}
Event: 5.539 GC heap after
{Heap after GC invocations=14 (full 1):
 PSYoungGen      total 24576K, used 2052K [0x00000000eab00000, 0x00000000ec580000, 0x0000000100000000)
  eden space 22016K, 0% used [0x00000000eab00000,0x00000000eab00000,0x00000000ec080000)
  from space 2560K, 80% used [0x00000000ec200000,0x00000000ec401000,0x00000000ec480000)
  to   space 1024K, 0% used [0x00000000ec480000,0x00000000ec480000,0x00000000ec580000)
 ParOldGen       total 68608K, used 20962K [0x00000000c0000000, 0x00000000c4300000, 0x00000000eab00000)
  object space 68608K, 30% used [0x00000000c0000000,0x00000000c14789e0,0x00000000c4300000)
 Metaspace       used 31617K, committed 32448K, reserved 1114112K
  class space    used 3095K, committed 3456K, reserved 1048576K
}
Event: 5.619 GC heap before
{Heap before GC invocations=15 (full 1):
 PSYoungGen      total 24576K, used 24068K [0x00000000eab00000, 0x00000000ec580000, 0x0000000100000000)
  eden space 22016K, 100% used [0x00000000eab00000,0x00000000ec080000,0x00000000ec080000)
  from space 2560K, 80% used [0x00000000ec200000,0x00000000ec401000,0x00000000ec480000)
  to   space 1024K, 0% used [0x00000000ec480000,0x00000000ec480000,0x00000000ec580000)
 ParOldGen       total 68608K, used 20962K [0x00000000c0000000, 0x00000000c4300000, 0x00000000eab00000)
  object space 68608K, 30% used [0x00000000c0000000,0x00000000c14789e0,0x00000000c4300000)
 Metaspace       used 31651K, committed 32512K, reserved 1114112K
  class space    used 3098K, committed 3520K, reserved 1048576K
}
Event: 5.629 GC heap after
{Heap after GC invocations=15 (full 1):
 PSYoungGen      total 22528K, used 1024K [0x00000000eab00000, 0x00000000ec980000, 0x0000000100000000)
  eden space 21504K, 0% used [0x00000000eab00000,0x00000000eab00000,0x00000000ec000000)
  from space 1024K, 100% used [0x00000000ec480000,0x00000000ec580000,0x00000000ec580000)
  to   space 4608K, 0% used [0x00000000ec000000,0x00000000ec000000,0x00000000ec480000)
 ParOldGen       total 68608K, used 23936K [0x00000000c0000000, 0x00000000c4300000, 0x00000000eab00000)
  object space 68608K, 34% used [0x00000000c0000000,0x00000000c1760068,0x00000000c4300000)
 Metaspace       used 31651K, committed 32512K, reserved 1114112K
  class space    used 3098K, committed 3520K, reserved 1048576K
}
Event: 5.731 GC heap before
{Heap before GC invocations=16 (full 1):
 PSYoungGen      total 22528K, used 22528K [0x00000000eab00000, 0x00000000ec980000, 0x0000000100000000)
  eden space 21504K, 100% used [0x00000000eab00000,0x00000000ec000000,0x00000000ec000000)
  from space 1024K, 100% used [0x00000000ec480000,0x00000000ec580000,0x00000000ec580000)
  to   space 4608K, 0% used [0x00000000ec000000,0x00000000ec000000,0x00000000ec480000)
 ParOldGen       total 68608K, used 23936K [0x00000000c0000000, 0x00000000c4300000, 0x00000000eab00000)
  object space 68608K, 34% used [0x00000000c0000000,0x00000000c1760068,0x00000000c4300000)
 Metaspace       used 31679K, committed 32576K, reserved 1114112K
  class space    used 3098K, committed 3520K, reserved 1048576K
}
Event: 5.736 GC heap after
{Heap after GC invocations=16 (full 1):
 PSYoungGen      total 23552K, used 1944K [0x00000000eab00000, 0x00000000ec600000, 0x0000000100000000)
  eden space 21504K, 0% used [0x00000000eab00000,0x00000000eab00000,0x00000000ec000000)
  from space 2048K, 94% used [0x00000000ec000000,0x00000000ec1e6200,0x00000000ec200000)
  to   space 3072K, 0% used [0x00000000ec300000,0x00000000ec300000,0x00000000ec600000)
 ParOldGen       total 68608K, used 24984K [0x00000000c0000000, 0x00000000c4300000, 0x00000000eab00000)
  object space 68608K, 36% used [0x00000000c0000000,0x00000000c1866068,0x00000000c4300000)
 Metaspace       used 31679K, committed 32576K, reserved 1114112K
  class space    used 3098K, committed 3520K, reserved 1048576K
}
Event: 5.958 GC heap before
{Heap before GC invocations=17 (full 1):
 PSYoungGen      total 23552K, used 23448K [0x00000000eab00000, 0x00000000ec600000, 0x0000000100000000)
  eden space 21504K, 100% used [0x00000000eab00000,0x00000000ec000000,0x00000000ec000000)
  from space 2048K, 94% used [0x00000000ec000000,0x00000000ec1e6200,0x00000000ec200000)
  to   space 3072K, 0% used [0x00000000ec300000,0x00000000ec300000,0x00000000ec600000)
 ParOldGen       total 68608K, used 24984K [0x00000000c0000000, 0x00000000c4300000, 0x00000000eab00000)
  object space 68608K, 36% used [0x00000000c0000000,0x00000000c1866068,0x00000000c4300000)
 Metaspace       used 33071K, committed 33920K, reserved 1114112K
  class space    used 3258K, committed 3648K, reserved 1048576K
}
Event: 5.961 GC heap after
{Heap after GC invocations=17 (full 1):
 PSYoungGen      total 23552K, used 1576K [0x00000000eab00000, 0x00000000ec500000, 0x0000000100000000)
  eden space 21504K, 0% used [0x00000000eab00000,0x00000000eab00000,0x00000000ec000000)
  from space 2048K, 76% used [0x00000000ec300000,0x00000000ec48a148,0x00000000ec500000)
  to   space 2048K, 0% used [0x00000000ec000000,0x00000000ec000000,0x00000000ec200000)
 ParOldGen       total 68608K, used 26784K [0x00000000c0000000, 0x00000000c4300000, 0x00000000eab00000)
  object space 68608K, 39% used [0x00000000c0000000,0x00000000c1a28268,0x00000000c4300000)
 Metaspace       used 33071K, committed 33920K, reserved 1114112K
  class space    used 3258K, committed 3648K, reserved 1048576K
}

