# JRE version: OpenJDK Runtime Environment Temurin-21.0.6+7 (21.0.6+7) (build 21.0.6+7-LTS)
# Java VM: OpenJDK 64-Bit Server VM Temurin-21.0.6+7 (21.0.6+7-LTS, mixed mode, sharing, tiered, compressed oops, compressed class ptrs, parallel gc, windows-amd64)
GC Precious Log:
 CardTable entry size: 512
 CPUs: 8 total, 8 available
 Memory: 7914M
 Large Page Support: Disabled
 NUMA Support: Disabled
 Compressed Oops: Enabled (32-bit)
 Alignments: Space 512K, Generation 512K, Heap 2M
 Heap Min Capacity: 100M
 Heap Initial Capacity: 100M
 Heap Max Capacity: 1G
 Pre-touch: Disabled
 Parallel Workers: 8
Heap:
 PSYoungGen      total 12288K, used 6337K [0x00000000eab00000, 0x00000000eb980000, 0x0000000100000000)
  eden space 9728K, 41% used [0x00000000eab00000,0x00000000eaefa2e8,0x00000000eb480000)
  from space 2560K, 88% used [0x00000000eb700000,0x00000000eb936318,0x00000000eb980000)
  to   space 2560K, 0% used [0x00000000eb480000,0x00000000eb480000,0x00000000eb700000)
 ParOldGen       total 135680K, used 135199K [0x00000000c0000000, 0x00000000c8480000, 0x00000000eab00000)
  object space 135680K, 99% used [0x00000000c0000000,0x00000000c8407eb0,0x00000000c8480000)
 Metaspace       used 53986K, committed 55360K, reserved 1114112K
  class space    used 5704K, committed 6272K, reserved 1048576K
GC Heap History (20 events):
Event: 5.480 GC heap before
{Heap before GC invocations=48 (full 2):
 PSYoungGen      total 14336K, used 13120K [0x00000000eab00000, 0x00000000ebc00000, 0x0000000100000000)
  eden space 12288K, 90% used [0x00000000eab00000,0x00000000eb5d1130,0x00000000eb700000)
  from space 2048K, 99% used [0x00000000eb700000,0x00000000eb8ff190,0x00000000eb900000)
  to   space 2560K, 0% used [0x00000000eb980000,0x00000000eb980000,0x00000000ebc00000)
 ParOldGen       total 108544K, used 108491K [0x00000000c0000000, 0x00000000c6a00000, 0x00000000eab00000)
  object space 108544K, 99% used [0x00000000c0000000,0x00000000c69f2e88,0x00000000c6a00000)
 Metaspace       used 51667K, committed 52928K, reserved 1114112K
  class space    used 5479K, committed 6016K, reserved 1048576K
}
Event: 5.482 GC heap after
{Heap after GC invocations=48 (full 2):
 PSYoungGen      total 14848K, used 2230K [0x00000000eab00000, 0x00000000ebc00000, 0x0000000100000000)
  eden space 12288K, 0% used [0x00000000eab00000,0x00000000eab00000,0x00000000eb700000)
  from space 2560K, 87% used [0x00000000eb980000,0x00000000ebbada30,0x00000000ebc00000)
  to   space 2560K, 0% used [0x00000000eb700000,0x00000000eb700000,0x00000000eb980000)
 ParOldGen       total 110080K, used 109944K [0x00000000c0000000, 0x00000000c6b80000, 0x00000000eab00000)
  object space 110080K, 99% used [0x00000000c0000000,0x00000000c6b5e090,0x00000000c6b80000)
 Metaspace       used 51667K, committed 52928K, reserved 1114112K
  class space    used 5479K, committed 6016K, reserved 1048576K
}
Event: 5.510 GC heap before
{Heap before GC invocations=49 (full 2):
 PSYoungGen      total 14848K, used 14518K [0x00000000eab00000, 0x00000000ebc00000, 0x0000000100000000)
  eden space 12288K, 100% used [0x00000000eab00000,0x00000000eb700000,0x00000000eb700000)
  from space 2560K, 87% used [0x00000000eb980000,0x00000000ebbada30,0x00000000ebc00000)
  to   space 2560K, 0% used [0x00000000eb700000,0x00000000eb700000,0x00000000eb980000)
 ParOldGen       total 110080K, used 109944K [0x00000000c0000000, 0x00000000c6b80000, 0x00000000eab00000)
  object space 110080K, 99% used [0x00000000c0000000,0x00000000c6b5e090,0x00000000c6b80000)
 Metaspace       used 51671K, committed 52928K, reserved 1114112K
  class space    used 5479K, committed 6016K, reserved 1048576K
}
Event: 5.513 GC heap after
{Heap after GC invocations=49 (full 2):
 PSYoungGen      total 14848K, used 2454K [0x00000000eab00000, 0x00000000ebc00000, 0x0000000100000000)
  eden space 12288K, 0% used [0x00000000eab00000,0x00000000eab00000,0x00000000eb700000)
  from space 2560K, 95% used [0x00000000eb700000,0x00000000eb965ad8,0x00000000eb980000)
  to   space 2560K, 0% used [0x00000000eb980000,0x00000000eb980000,0x00000000ebc00000)
 ParOldGen       total 112128K, used 111696K [0x00000000c0000000, 0x00000000c6d80000, 0x00000000eab00000)
  object space 112128K, 99% used [0x00000000c0000000,0x00000000c6d141d8,0x00000000c6d80000)
 Metaspace       used 51671K, committed 52928K, reserved 1114112K
  class space    used 5479K, committed 6016K, reserved 1048576K
}
Event: 5.527 GC heap before
{Heap before GC invocations=50 (full 2):
 PSYoungGen      total 14848K, used 14742K [0x00000000eab00000, 0x00000000ebc00000, 0x0000000100000000)
  eden space 12288K, 100% used [0x00000000eab00000,0x00000000eb700000,0x00000000eb700000)
  from space 2560K, 95% used [0x00000000eb700000,0x00000000eb965ad8,0x00000000eb980000)
  to   space 2560K, 0% used [0x00000000eb980000,0x00000000eb980000,0x00000000ebc00000)
 ParOldGen       total 112128K, used 111696K [0x00000000c0000000, 0x00000000c6d80000, 0x00000000eab00000)
  object space 112128K, 99% used [0x00000000c0000000,0x00000000c6d141d8,0x00000000c6d80000)
 Metaspace       used 51675K, committed 52928K, reserved 1114112K
  class space    used 5479K, committed 6016K, reserved 1048576K
}
Event: 5.530 GC heap after
{Heap after GC invocations=50 (full 2):
 PSYoungGen      total 14848K, used 1840K [0x00000000eab00000, 0x00000000ebc00000, 0x0000000100000000)
  eden space 12288K, 0% used [0x00000000eab00000,0x00000000eab00000,0x00000000eb700000)
  from space 2560K, 71% used [0x00000000eb980000,0x00000000ebb4c368,0x00000000ebc00000)
  to   space 2560K, 0% used [0x00000000eb700000,0x00000000eb700000,0x00000000eb980000)
 ParOldGen       total 116224K, used 115152K [0x00000000c0000000, 0x00000000c7180000, 0x00000000eab00000)
  object space 116224K, 99% used [0x00000000c0000000,0x00000000c70741e8,0x00000000c7180000)
 Metaspace       used 51675K, committed 52928K, reserved 1114112K
  class space    used 5479K, committed 6016K, reserved 1048576K
}
Event: 5.560 GC heap before
{Heap before GC invocations=51 (full 2):
 PSYoungGen      total 14848K, used 14128K [0x00000000eab00000, 0x00000000ebc00000, 0x0000000100000000)
  eden space 12288K, 100% used [0x00000000eab00000,0x00000000eb700000,0x00000000eb700000)
  from space 2560K, 71% used [0x00000000eb980000,0x00000000ebb4c368,0x00000000ebc00000)
  to   space 2560K, 0% used [0x00000000eb700000,0x00000000eb700000,0x00000000eb980000)
 ParOldGen       total 116224K, used 115152K [0x00000000c0000000, 0x00000000c7180000, 0x00000000eab00000)
  object space 116224K, 99% used [0x00000000c0000000,0x00000000c70741e8,0x00000000c7180000)
 Metaspace       used 52395K, committed 53632K, reserved 1114112K
  class space    used 5548K, committed 6080K, reserved 1048576K
}
Event: 5.562 GC heap after
{Heap after GC invocations=51 (full 2):
 PSYoungGen      total 14848K, used 2083K [0x00000000eab00000, 0x00000000ebc00000, 0x0000000100000000)
  eden space 12288K, 0% used [0x00000000eab00000,0x00000000eab00000,0x00000000eb700000)
  from space 2560K, 81% used [0x00000000eb700000,0x00000000eb908e78,0x00000000eb980000)
  to   space 2560K, 0% used [0x00000000eb980000,0x00000000eb980000,0x00000000ebc00000)
 ParOldGen       total 116736K, used 116339K [0x00000000c0000000, 0x00000000c7200000, 0x00000000eab00000)
  object space 116736K, 99% used [0x00000000c0000000,0x00000000c719cf60,0x00000000c7200000)
 Metaspace       used 52395K, committed 53632K, reserved 1114112K
  class space    used 5548K, committed 6080K, reserved 1048576K
}
Event: 5.590 GC heap before
{Heap before GC invocations=52 (full 2):
 PSYoungGen      total 14848K, used 14368K [0x00000000eab00000, 0x00000000ebc00000, 0x0000000100000000)
  eden space 12288K, 99% used [0x00000000eab00000,0x00000000eb6ff1d8,0x00000000eb700000)
  from space 2560K, 81% used [0x00000000eb700000,0x00000000eb908e78,0x00000000eb980000)
  to   space 2560K, 0% used [0x00000000eb980000,0x00000000eb980000,0x00000000ebc00000)
 ParOldGen       total 116736K, used 116339K [0x00000000c0000000, 0x00000000c7200000, 0x00000000eab00000)
  object space 116736K, 99% used [0x00000000c0000000,0x00000000c719cf60,0x00000000c7200000)
 Metaspace       used 52776K, committed 54016K, reserved 1114112K
  class space    used 5589K, committed 6080K, reserved 1048576K
}
Event: 5.594 GC heap after
{Heap after GC invocations=52 (full 2):
 PSYoungGen      total 12288K, used 2555K [0x00000000eab00000, 0x00000000ec100000, 0x0000000100000000)
  eden space 9728K, 0% used [0x00000000eab00000,0x00000000eab00000,0x00000000eb480000)
  from space 2560K, 99% used [0x00000000eb980000,0x00000000ebbfee28,0x00000000ebc00000)
  to   space 5120K, 0% used [0x00000000eb480000,0x00000000eb480000,0x00000000eb980000)
 ParOldGen       total 118784K, used 118424K [0x00000000c0000000, 0x00000000c7400000, 0x00000000eab00000)
  object space 118784K, 99% used [0x00000000c0000000,0x00000000c73a6158,0x00000000c7400000)
 Metaspace       used 52776K, committed 54016K, reserved 1114112K
  class space    used 5589K, committed 6080K, reserved 1048576K
}
Event: 5.625 GC heap before
{Heap before GC invocations=53 (full 2):
 PSYoungGen      total 12288K, used 12283K [0x00000000eab00000, 0x00000000ec100000, 0x0000000100000000)
  eden space 9728K, 100% used [0x00000000eab00000,0x00000000eb480000,0x00000000eb480000)
  from space 2560K, 99% used [0x00000000eb980000,0x00000000ebbfee28,0x00000000ebc00000)
  to   space 5120K, 0% used [0x00000000eb480000,0x00000000eb480000,0x00000000eb980000)
 ParOldGen       total 118784K, used 118424K [0x00000000c0000000, 0x00000000c7400000, 0x00000000eab00000)
  object space 118784K, 99% used [0x00000000c0000000,0x00000000c73a6158,0x00000000c7400000)
 Metaspace       used 53013K, committed 54272K, reserved 1114112K
  class space    used 5604K, committed 6144K, reserved 1048576K
}
Event: 5.628 GC heap after
{Heap after GC invocations=53 (full 2):
 PSYoungGen      total 12288K, used 2331K [0x00000000eab00000, 0x00000000ebb80000, 0x0000000100000000)
  eden space 9728K, 0% used [0x00000000eab00000,0x00000000eab00000,0x00000000eb480000)
  from space 2560K, 91% used [0x00000000eb480000,0x00000000eb6c6fc8,0x00000000eb700000)
  to   space 3584K, 0% used [0x00000000eb800000,0x00000000eb800000,0x00000000ebb80000)
 ParOldGen       total 121344K, used 120862K [0x00000000c0000000, 0x00000000c7680000, 0x00000000eab00000)
  object space 121344K, 99% used [0x00000000c0000000,0x00000000c7607bb8,0x00000000c7680000)
 Metaspace       used 53013K, committed 54272K, reserved 1114112K
  class space    used 5604K, committed 6144K, reserved 1048576K
}
Event: 5.659 GC heap before
{Heap before GC invocations=54 (full 2):
 PSYoungGen      total 12288K, used 12059K [0x00000000eab00000, 0x00000000ebb80000, 0x0000000100000000)
  eden space 9728K, 100% used [0x00000000eab00000,0x00000000eb480000,0x00000000eb480000)
  from space 2560K, 91% used [0x00000000eb480000,0x00000000eb6c6fc8,0x00000000eb700000)
  to   space 3584K, 0% used [0x00000000eb800000,0x00000000eb800000,0x00000000ebb80000)
 ParOldGen       total 121344K, used 120862K [0x00000000c0000000, 0x00000000c7680000, 0x00000000eab00000)
  object space 121344K, 99% used [0x00000000c0000000,0x00000000c7607bb8,0x00000000c7680000)
 Metaspace       used 53189K, committed 54464K, reserved 1114112K
  class space    used 5621K, committed 6144K, reserved 1048576K
}
Event: 5.663 GC heap after
{Heap after GC invocations=54 (full 2):
 PSYoungGen      total 12288K, used 2174K [0x00000000eab00000, 0x00000000eba80000, 0x0000000100000000)
  eden space 9728K, 0% used [0x00000000eab00000,0x00000000eab00000,0x00000000eb480000)
  from space 2560K, 84% used [0x00000000eb800000,0x00000000eba1fa28,0x00000000eba80000)
  to   space 2560K, 0% used [0x00000000eb480000,0x00000000eb480000,0x00000000eb700000)
 ParOldGen       total 123392K, used 122962K [0x00000000c0000000, 0x00000000c7880000, 0x00000000eab00000)
  object space 123392K, 99% used [0x00000000c0000000,0x00000000c78149f0,0x00000000c7880000)
 Metaspace       used 53189K, committed 54464K, reserved 1114112K
  class space    used 5621K, committed 6144K, reserved 1048576K
}
Event: 5.694 GC heap before
{Heap before GC invocations=55 (full 2):
 PSYoungGen      total 12288K, used 11902K [0x00000000eab00000, 0x00000000eba80000, 0x0000000100000000)
  eden space 9728K, 100% used [0x00000000eab00000,0x00000000eb480000,0x00000000eb480000)
  from space 2560K, 84% used [0x00000000eb800000,0x00000000eba1fa28,0x00000000eba80000)
  to   space 2560K, 0% used [0x00000000eb480000,0x00000000eb480000,0x00000000eb700000)
 ParOldGen       total 123392K, used 122962K [0x00000000c0000000, 0x00000000c7880000, 0x00000000eab00000)
  object space 123392K, 99% used [0x00000000c0000000,0x00000000c78149f0,0x00000000c7880000)
 Metaspace       used 53412K, committed 54720K, reserved 1114112K
  class space    used 5655K, committed 6208K, reserved 1048576K
}
Event: 5.698 GC heap after
{Heap after GC invocations=55 (full 2):
 PSYoungGen      total 12288K, used 2293K [0x00000000eab00000, 0x00000000eb980000, 0x0000000100000000)
  eden space 9728K, 0% used [0x00000000eab00000,0x00000000eab00000,0x00000000eb480000)
  from space 2560K, 89% used [0x00000000eb480000,0x00000000eb6bd588,0x00000000eb700000)
  to   space 2560K, 0% used [0x00000000eb700000,0x00000000eb700000,0x00000000eb980000)
 ParOldGen       total 124928K, used 124906K [0x00000000c0000000, 0x00000000c7a00000, 0x00000000eab00000)
  object space 124928K, 99% used [0x00000000c0000000,0x00000000c79faa78,0x00000000c7a00000)
 Metaspace       used 53412K, committed 54720K, reserved 1114112K
  class space    used 5655K, committed 6208K, reserved 1048576K
}
Event: 5.736 GC heap before
{Heap before GC invocations=56 (full 2):
 PSYoungGen      total 12288K, used 12021K [0x00000000eab00000, 0x00000000eb980000, 0x0000000100000000)
  eden space 9728K, 100% used [0x00000000eab00000,0x00000000eb480000,0x00000000eb480000)
  from space 2560K, 89% used [0x00000000eb480000,0x00000000eb6bd588,0x00000000eb700000)
  to   space 2560K, 0% used [0x00000000eb700000,0x00000000eb700000,0x00000000eb980000)
 ParOldGen       total 124928K, used 124906K [0x00000000c0000000, 0x00000000c7a00000, 0x00000000eab00000)
  object space 124928K, 99% used [0x00000000c0000000,0x00000000c79faa78,0x00000000c7a00000)
 Metaspace       used 53542K, committed 54912K, reserved 1114112K
  class space    used 5671K, committed 6272K, reserved 1048576K
}
Event: 5.739 GC heap after
{Heap after GC invocations=56 (full 2):
 PSYoungGen      total 12288K, used 2373K [0x00000000eab00000, 0x00000000eb980000, 0x0000000100000000)
  eden space 9728K, 0% used [0x00000000eab00000,0x00000000eab00000,0x00000000eb480000)
  from space 2560K, 92% used [0x00000000eb700000,0x00000000eb951488,0x00000000eb980000)
  to   space 2560K, 0% used [0x00000000eb480000,0x00000000eb480000,0x00000000eb700000)
 ParOldGen       total 127488K, used 127039K [0x00000000c0000000, 0x00000000c7c80000, 0x00000000eab00000)
  object space 127488K, 99% used [0x00000000c0000000,0x00000000c7c0ffa0,0x00000000c7c80000)
 Metaspace       used 53542K, committed 54912K, reserved 1114112K
  class space    used 5671K, committed 6272K, reserved 1048576K
}
Event: 5.766 GC heap before
{Heap before GC invocations=57 (full 2):
 PSYoungGen      total 12288K, used 12101K [0x00000000eab00000, 0x00000000eb980000, 0x0000000100000000)
  eden space 9728K, 100% used [0x00000000eab00000,0x00000000eb480000,0x00000000eb480000)
  from space 2560K, 92% used [0x00000000eb700000,0x00000000eb951488,0x00000000eb980000)
  to   space 2560K, 0% used [0x00000000eb480000,0x00000000eb480000,0x00000000eb700000)
 ParOldGen       total 127488K, used 127039K [0x00000000c0000000, 0x00000000c7c80000, 0x00000000eab00000)
  object space 127488K, 99% used [0x00000000c0000000,0x00000000c7c0ffa0,0x00000000c7c80000)
 Metaspace       used 53801K, committed 55232K, reserved 1114112K
  class space    used 5695K, committed 6272K, reserved 1048576K
}
Event: 5.769 GC heap after
{Heap after GC invocations=57 (full 2):
 PSYoungGen      total 12288K, used 2046K [0x00000000eab00000, 0x00000000eb980000, 0x0000000100000000)
  eden space 9728K, 0% used [0x00000000eab00000,0x00000000eab00000,0x00000000eb480000)
  from space 2560K, 79% used [0x00000000eb480000,0x00000000eb67f9f0,0x00000000eb700000)
  to   space 2560K, 0% used [0x00000000eb700000,0x00000000eb700000,0x00000000eb980000)
 ParOldGen       total 129536K, used 129261K [0x00000000c0000000, 0x00000000c7e80000, 0x00000000eab00000)
  object space 129536K, 99% used [0x00000000c0000000,0x00000000c7e3b5c0,0x00000000c7e80000)
 Metaspace       used 53801K, committed 55232K, reserved 1114112K
  class space    used 5695K, committed 6272K, reserved 1048576K
}

