# JRE version: OpenJDK Runtime Environment Temurin-21.0.6+7 (21.0.6+7) (build 21.0.6+7-LTS)
# Java VM: OpenJDK 64-Bit Server VM Temurin-21.0.6+7 (21.0.6+7-LTS, mixed mode, sharing, tiered, compressed oops, compressed class ptrs, parallel gc, windows-amd64)
GC Precious Log:
 CardTable entry size: 512
 CPUs: 8 total, 8 available
 Memory: 7914M
 Large Page Support: Disabled
 NUMA Support: Disabled
 Compressed Oops: Enabled (32-bit)
 Alignments: Space 512K, Generation 512K, Heap 2M
 Heap Min Capacity: 100M
 Heap Initial Capacity: 100M
 Heap Max Capacity: 1G
 Pre-touch: Disabled
 Parallel Workers: 8
Heap:
 PSYoungGen      total 6656K, used 4789K [0x00000000eab00000, 0x00000000eb380000, 0x0000000100000000)
  eden space 5120K, 67% used [0x00000000eab00000,0x00000000eae61100,0x00000000eb000000)
  from space 1536K, 86% used [0x00000000eb200000,0x00000000eb34c6c8,0x00000000eb380000)
  to   space 1536K, 0% used [0x00000000eb000000,0x00000000eb000000,0x00000000eb180000)
 ParOldGen       total 173056K, used 172834K [0x00000000c0000000, 0x00000000ca900000, 0x00000000eab00000)
  object space 173056K, 99% used [0x00000000c0000000,0x00000000ca8c8998,0x00000000ca900000)
 Metaspace       used 58860K, committed 60096K, reserved 1114112K
  class space    used 6274K, committed 6784K, reserved 1048576K
GC Heap History (20 events):
Event: 14.617 GC heap before
{Heap before GC invocations=92 (full 3):
 PSYoungGen      total 6656K, used 6352K [0x00000000eab00000, 0x00000000eb300000, 0x0000000100000000)
  eden space 5120K, 100% used [0x00000000eab00000,0x00000000eb000000,0x00000000eb000000)
  from space 1536K, 80% used [0x00000000eb180000,0x00000000eb2b4188,0x00000000eb300000)
  to   space 1536K, 0% used [0x00000000eb000000,0x00000000eb000000,0x00000000eb180000)
 ParOldGen       total 161280K, used 160850K [0x00000000c0000000, 0x00000000c9d80000, 0x00000000eab00000)
  object space 161280K, 99% used [0x00000000c0000000,0x00000000c9d14ba8,0x00000000c9d80000)
 Metaspace       used 58860K, committed 60096K, reserved 1114112K
  class space    used 6274K, committed 6784K, reserved 1048576K
}
Event: 14.618 GC heap after
{Heap after GC invocations=92 (full 3):
 PSYoungGen      total 6656K, used 1285K [0x00000000eab00000, 0x00000000eb300000, 0x0000000100000000)
  eden space 5120K, 0% used [0x00000000eab00000,0x00000000eab00000,0x00000000eb000000)
  from space 1536K, 83% used [0x00000000eb000000,0x00000000eb141728,0x00000000eb180000)
  to   space 1536K, 0% used [0x00000000eb180000,0x00000000eb180000,0x00000000eb300000)
 ParOldGen       total 162304K, used 161985K [0x00000000c0000000, 0x00000000c9e80000, 0x00000000eab00000)
  object space 162304K, 99% used [0x00000000c0000000,0x00000000c9e30748,0x00000000c9e80000)
 Metaspace       used 58860K, committed 60096K, reserved 1114112K
  class space    used 6274K, committed 6784K, reserved 1048576K
}
Event: 14.637 GC heap before
{Heap before GC invocations=93 (full 3):
 PSYoungGen      total 6656K, used 6405K [0x00000000eab00000, 0x00000000eb300000, 0x0000000100000000)
  eden space 5120K, 100% used [0x00000000eab00000,0x00000000eb000000,0x00000000eb000000)
  from space 1536K, 83% used [0x00000000eb000000,0x00000000eb141728,0x00000000eb180000)
  to   space 1536K, 0% used [0x00000000eb180000,0x00000000eb180000,0x00000000eb300000)
 ParOldGen       total 162304K, used 161985K [0x00000000c0000000, 0x00000000c9e80000, 0x00000000eab00000)
  object space 162304K, 99% used [0x00000000c0000000,0x00000000c9e30748,0x00000000c9e80000)
 Metaspace       used 58860K, committed 60096K, reserved 1114112K
  class space    used 6274K, committed 6784K, reserved 1048576K
}
Event: 14.638 GC heap after
{Heap after GC invocations=93 (full 3):
 PSYoungGen      total 6656K, used 1301K [0x00000000eab00000, 0x00000000eb300000, 0x0000000100000000)
  eden space 5120K, 0% used [0x00000000eab00000,0x00000000eab00000,0x00000000eb000000)
  from space 1536K, 84% used [0x00000000eb180000,0x00000000eb2c55f0,0x00000000eb300000)
  to   space 1536K, 0% used [0x00000000eb000000,0x00000000eb000000,0x00000000eb180000)
 ParOldGen       total 163328K, used 163121K [0x00000000c0000000, 0x00000000c9f80000, 0x00000000eab00000)
  object space 163328K, 99% used [0x00000000c0000000,0x00000000c9f4c678,0x00000000c9f80000)
 Metaspace       used 58860K, committed 60096K, reserved 1114112K
  class space    used 6274K, committed 6784K, reserved 1048576K
}
Event: 14.652 GC heap before
{Heap before GC invocations=94 (full 3):
 PSYoungGen      total 6656K, used 6421K [0x00000000eab00000, 0x00000000eb300000, 0x0000000100000000)
  eden space 5120K, 100% used [0x00000000eab00000,0x00000000eb000000,0x00000000eb000000)
  from space 1536K, 84% used [0x00000000eb180000,0x00000000eb2c55f0,0x00000000eb300000)
  to   space 1536K, 0% used [0x00000000eb000000,0x00000000eb000000,0x00000000eb180000)
 ParOldGen       total 163328K, used 163121K [0x00000000c0000000, 0x00000000c9f80000, 0x00000000eab00000)
  object space 163328K, 99% used [0x00000000c0000000,0x00000000c9f4c678,0x00000000c9f80000)
 Metaspace       used 58860K, committed 60096K, reserved 1114112K
  class space    used 6274K, committed 6784K, reserved 1048576K
}
Event: 14.653 GC heap after
{Heap after GC invocations=94 (full 3):
 PSYoungGen      total 6656K, used 1363K [0x00000000eab00000, 0x00000000eb300000, 0x0000000100000000)
  eden space 5120K, 0% used [0x00000000eab00000,0x00000000eab00000,0x00000000eb000000)
  from space 1536K, 88% used [0x00000000eb000000,0x00000000eb154f48,0x00000000eb180000)
  to   space 1536K, 0% used [0x00000000eb180000,0x00000000eb180000,0x00000000eb300000)
 ParOldGen       total 164352K, used 164282K [0x00000000c0000000, 0x00000000ca080000, 0x00000000eab00000)
  object space 164352K, 99% used [0x00000000c0000000,0x00000000ca06eb80,0x00000000ca080000)
 Metaspace       used 58860K, committed 60096K, reserved 1114112K
  class space    used 6274K, committed 6784K, reserved 1048576K
}
Event: 14.668 GC heap before
{Heap before GC invocations=95 (full 3):
 PSYoungGen      total 6656K, used 6483K [0x00000000eab00000, 0x00000000eb300000, 0x0000000100000000)
  eden space 5120K, 100% used [0x00000000eab00000,0x00000000eb000000,0x00000000eb000000)
  from space 1536K, 88% used [0x00000000eb000000,0x00000000eb154f48,0x00000000eb180000)
  to   space 1536K, 0% used [0x00000000eb180000,0x00000000eb180000,0x00000000eb300000)
 ParOldGen       total 164352K, used 164282K [0x00000000c0000000, 0x00000000ca080000, 0x00000000eab00000)
  object space 164352K, 99% used [0x00000000c0000000,0x00000000ca06eb80,0x00000000ca080000)
 Metaspace       used 58860K, committed 60096K, reserved 1114112K
  class space    used 6274K, committed 6784K, reserved 1048576K
}
Event: 14.669 GC heap after
{Heap after GC invocations=95 (full 3):
 PSYoungGen      total 6656K, used 1326K [0x00000000eab00000, 0x00000000eb300000, 0x0000000100000000)
  eden space 5120K, 0% used [0x00000000eab00000,0x00000000eab00000,0x00000000eb000000)
  from space 1536K, 86% used [0x00000000eb180000,0x00000000eb2cbb98,0x00000000eb300000)
  to   space 1536K, 0% used [0x00000000eb000000,0x00000000eb000000,0x00000000eb180000)
 ParOldGen       total 165888K, used 165532K [0x00000000c0000000, 0x00000000ca200000, 0x00000000eab00000)
  object space 165888K, 99% used [0x00000000c0000000,0x00000000ca1a71f0,0x00000000ca200000)
 Metaspace       used 58860K, committed 60096K, reserved 1114112K
  class space    used 6274K, committed 6784K, reserved 1048576K
}
Event: 14.687 GC heap before
{Heap before GC invocations=96 (full 3):
 PSYoungGen      total 6656K, used 6446K [0x00000000eab00000, 0x00000000eb300000, 0x0000000100000000)
  eden space 5120K, 100% used [0x00000000eab00000,0x00000000eb000000,0x00000000eb000000)
  from space 1536K, 86% used [0x00000000eb180000,0x00000000eb2cbb98,0x00000000eb300000)
  to   space 1536K, 0% used [0x00000000eb000000,0x00000000eb000000,0x00000000eb180000)
 ParOldGen       total 165888K, used 165532K [0x00000000c0000000, 0x00000000ca200000, 0x00000000eab00000)
  object space 165888K, 99% used [0x00000000c0000000,0x00000000ca1a71f0,0x00000000ca200000)
 Metaspace       used 58860K, committed 60096K, reserved 1114112K
  class space    used 6274K, committed 6784K, reserved 1048576K
}
Event: 14.689 GC heap after
{Heap after GC invocations=96 (full 3):
 PSYoungGen      total 6656K, used 1266K [0x00000000eab00000, 0x00000000eb300000, 0x0000000100000000)
  eden space 5120K, 0% used [0x00000000eab00000,0x00000000eab00000,0x00000000eb000000)
  from space 1536K, 82% used [0x00000000eb000000,0x00000000eb13ca98,0x00000000eb180000)
  to   space 1536K, 0% used [0x00000000eb180000,0x00000000eb180000,0x00000000eb300000)
 ParOldGen       total 166912K, used 166699K [0x00000000c0000000, 0x00000000ca300000, 0x00000000eab00000)
  object space 166912K, 99% used [0x00000000c0000000,0x00000000ca2cac08,0x00000000ca300000)
 Metaspace       used 58860K, committed 60096K, reserved 1114112K
  class space    used 6274K, committed 6784K, reserved 1048576K
}
Event: 14.709 GC heap before
{Heap before GC invocations=97 (full 3):
 PSYoungGen      total 6656K, used 6386K [0x00000000eab00000, 0x00000000eb300000, 0x0000000100000000)
  eden space 5120K, 100% used [0x00000000eab00000,0x00000000eb000000,0x00000000eb000000)
  from space 1536K, 82% used [0x00000000eb000000,0x00000000eb13ca98,0x00000000eb180000)
  to   space 1536K, 0% used [0x00000000eb180000,0x00000000eb180000,0x00000000eb300000)
 ParOldGen       total 166912K, used 166699K [0x00000000c0000000, 0x00000000ca300000, 0x00000000eab00000)
  object space 166912K, 99% used [0x00000000c0000000,0x00000000ca2cac08,0x00000000ca300000)
 Metaspace       used 58860K, committed 60096K, reserved 1114112K
  class space    used 6274K, committed 6784K, reserved 1048576K
}
Event: 14.710 GC heap after
{Heap after GC invocations=97 (full 3):
 PSYoungGen      total 6656K, used 1244K [0x00000000eab00000, 0x00000000eb300000, 0x0000000100000000)
  eden space 5120K, 0% used [0x00000000eab00000,0x00000000eab00000,0x00000000eb000000)
  from space 1536K, 81% used [0x00000000eb180000,0x00000000eb2b7248,0x00000000eb300000)
  to   space 1536K, 0% used [0x00000000eb000000,0x00000000eb000000,0x00000000eb180000)
 ParOldGen       total 167936K, used 167846K [0x00000000c0000000, 0x00000000ca400000, 0x00000000eab00000)
  object space 167936K, 99% used [0x00000000c0000000,0x00000000ca3e99a0,0x00000000ca400000)
 Metaspace       used 58860K, committed 60096K, reserved 1114112K
  class space    used 6274K, committed 6784K, reserved 1048576K
}
Event: 14.724 GC heap before
{Heap before GC invocations=98 (full 3):
 PSYoungGen      total 6656K, used 6364K [0x00000000eab00000, 0x00000000eb300000, 0x0000000100000000)
  eden space 5120K, 100% used [0x00000000eab00000,0x00000000eb000000,0x00000000eb000000)
  from space 1536K, 81% used [0x00000000eb180000,0x00000000eb2b7248,0x00000000eb300000)
  to   space 1536K, 0% used [0x00000000eb000000,0x00000000eb000000,0x00000000eb180000)
 ParOldGen       total 167936K, used 167846K [0x00000000c0000000, 0x00000000ca400000, 0x00000000eab00000)
  object space 167936K, 99% used [0x00000000c0000000,0x00000000ca3e99a0,0x00000000ca400000)
 Metaspace       used 58860K, committed 60096K, reserved 1114112K
  class space    used 6274K, committed 6784K, reserved 1048576K
}
Event: 14.725 GC heap after
{Heap after GC invocations=98 (full 3):
 PSYoungGen      total 6656K, used 1371K [0x00000000eab00000, 0x00000000eb300000, 0x0000000100000000)
  eden space 5120K, 0% used [0x00000000eab00000,0x00000000eab00000,0x00000000eb000000)
  from space 1536K, 89% used [0x00000000eb000000,0x00000000eb156c58,0x00000000eb180000)
  to   space 1536K, 0% used [0x00000000eb180000,0x00000000eb180000,0x00000000eb300000)
 ParOldGen       total 169472K, used 169016K [0x00000000c0000000, 0x00000000ca580000, 0x00000000eab00000)
  object space 169472K, 99% used [0x00000000c0000000,0x00000000ca50e128,0x00000000ca580000)
 Metaspace       used 58860K, committed 60096K, reserved 1114112K
  class space    used 6274K, committed 6784K, reserved 1048576K
}
Event: 14.736 GC heap before
{Heap before GC invocations=99 (full 3):
 PSYoungGen      total 6656K, used 6491K [0x00000000eab00000, 0x00000000eb300000, 0x0000000100000000)
  eden space 5120K, 100% used [0x00000000eab00000,0x00000000eb000000,0x00000000eb000000)
  from space 1536K, 89% used [0x00000000eb000000,0x00000000eb156c58,0x00000000eb180000)
  to   space 1536K, 0% used [0x00000000eb180000,0x00000000eb180000,0x00000000eb300000)
 ParOldGen       total 169472K, used 169016K [0x00000000c0000000, 0x00000000ca580000, 0x00000000eab00000)
  object space 169472K, 99% used [0x00000000c0000000,0x00000000ca50e128,0x00000000ca580000)
 Metaspace       used 58860K, committed 60096K, reserved 1114112K
  class space    used 6274K, committed 6784K, reserved 1048576K
}
Event: 14.738 GC heap after
{Heap after GC invocations=99 (full 3):
 PSYoungGen      total 6656K, used 1342K [0x00000000eab00000, 0x00000000eb300000, 0x0000000100000000)
  eden space 5120K, 0% used [0x00000000eab00000,0x00000000eab00000,0x00000000eb000000)
  from space 1536K, 87% used [0x00000000eb180000,0x00000000eb2cfbd0,0x00000000eb300000)
  to   space 1536K, 0% used [0x00000000eb000000,0x00000000eb000000,0x00000000eb180000)
 ParOldGen       total 170496K, used 170270K [0x00000000c0000000, 0x00000000ca680000, 0x00000000eab00000)
  object space 170496K, 99% used [0x00000000c0000000,0x00000000ca647bf0,0x00000000ca680000)
 Metaspace       used 58860K, committed 60096K, reserved 1114112K
  class space    used 6274K, committed 6784K, reserved 1048576K
}
Event: 14.750 GC heap before
{Heap before GC invocations=100 (full 3):
 PSYoungGen      total 6656K, used 6462K [0x00000000eab00000, 0x00000000eb300000, 0x0000000100000000)
  eden space 5120K, 100% used [0x00000000eab00000,0x00000000eb000000,0x00000000eb000000)
  from space 1536K, 87% used [0x00000000eb180000,0x00000000eb2cfbd0,0x00000000eb300000)
  to   space 1536K, 0% used [0x00000000eb000000,0x00000000eb000000,0x00000000eb180000)
 ParOldGen       total 170496K, used 170270K [0x00000000c0000000, 0x00000000ca680000, 0x00000000eab00000)
  object space 170496K, 99% used [0x00000000c0000000,0x00000000ca647bf0,0x00000000ca680000)
 Metaspace       used 58860K, committed 60096K, reserved 1114112K
  class space    used 6274K, committed 6784K, reserved 1048576K
}
Event: 14.751 GC heap after
{Heap after GC invocations=100 (full 3):
 PSYoungGen      total 6656K, used 1531K [0x00000000eab00000, 0x00000000eb400000, 0x0000000100000000)
  eden space 5120K, 0% used [0x00000000eab00000,0x00000000eab00000,0x00000000eb000000)
  from space 1536K, 99% used [0x00000000eb000000,0x00000000eb17eef8,0x00000000eb180000)
  to   space 2048K, 0% used [0x00000000eb200000,0x00000000eb200000,0x00000000eb400000)
 ParOldGen       total 171520K, used 171501K [0x00000000c0000000, 0x00000000ca780000, 0x00000000eab00000)
  object space 171520K, 99% used [0x00000000c0000000,0x00000000ca77b4e0,0x00000000ca780000)
 Metaspace       used 58860K, committed 60096K, reserved 1114112K
  class space    used 6274K, committed 6784K, reserved 1048576K
}
Event: 14.761 GC heap before
{Heap before GC invocations=101 (full 3):
 PSYoungGen      total 6656K, used 6651K [0x00000000eab00000, 0x00000000eb400000, 0x0000000100000000)
  eden space 5120K, 100% used [0x00000000eab00000,0x00000000eb000000,0x00000000eb000000)
  from space 1536K, 99% used [0x00000000eb000000,0x00000000eb17eef8,0x00000000eb180000)
  to   space 2048K, 0% used [0x00000000eb200000,0x00000000eb200000,0x00000000eb400000)
 ParOldGen       total 171520K, used 171501K [0x00000000c0000000, 0x00000000ca780000, 0x00000000eab00000)
  object space 171520K, 99% used [0x00000000c0000000,0x00000000ca77b4e0,0x00000000ca780000)
 Metaspace       used 58860K, committed 60096K, reserved 1114112K
  class space    used 6274K, committed 6784K, reserved 1048576K
}
Event: 14.763 GC heap after
{Heap after GC invocations=101 (full 3):
 PSYoungGen      total 6656K, used 1329K [0x00000000eab00000, 0x00000000eb380000, 0x0000000100000000)
  eden space 5120K, 0% used [0x00000000eab00000,0x00000000eab00000,0x00000000eb000000)
  from space 1536K, 86% used [0x00000000eb200000,0x00000000eb34c6c8,0x00000000eb380000)
  to   space 1536K, 0% used [0x00000000eb000000,0x00000000eb000000,0x00000000eb180000)
 ParOldGen       total 173056K, used 172834K [0x00000000c0000000, 0x00000000ca900000, 0x00000000eab00000)
  object space 173056K, 99% used [0x00000000c0000000,0x00000000ca8c8998,0x00000000ca900000)
 Metaspace       used 58860K, committed 60096K, reserved 1114112K
  class space    used 6274K, committed 6784K, reserved 1048576K
}

