# JRE version: OpenJDK Runtime Environment Temurin-21.0.6+7 (21.0.6+7) (build 21.0.6+7-LTS)
# Java VM: OpenJDK 64-Bit Server VM Temurin-21.0.6+7 (21.0.6+7-LTS, mixed mode, sharing, tiered, compressed oops, compressed class ptrs, parallel gc, windows-amd64)
GC Precious Log:
 CardTable entry size: 512
 CPUs: 8 total, 8 available
 Memory: 7914M
 Large Page Support: Disabled
 NUMA Support: Disabled
 Compressed Oops: Enabled (32-bit)
 Alignments: Space 512K, Generation 512K, Heap 2M
 Heap Min Capacity: 100M
 Heap Initial Capacity: 100M
 Heap Max Capacity: 1G
 Pre-touch: Disabled
 Parallel Workers: 8
Heap:
 PSYoungGen      total 14336K, used 11436K [0x00000000eab00000, 0x00000000ebd00000, 0x0000000100000000)
  eden space 11776K, 76% used [0x00000000eab00000,0x00000000eb3d7788,0x00000000eb680000)
  from space 2560K, 93% used [0x00000000eba80000,0x00000000ebcd3c58,0x00000000ebd00000)
  to   space 3072K, 0% used [0x00000000eb700000,0x00000000eb700000,0x00000000eba00000)
 ParOldGen       total 68608K, used 49759K [0x00000000c0000000, 0x00000000c4300000, 0x00000000eab00000)
  object space 68608K, 72% used [0x00000000c0000000,0x00000000c3097fd0,0x00000000c4300000)
 Metaspace       used 46925K, committed 48128K, reserved 1114112K
  class space    used 4981K, committed 5504K, reserved 1048576K
GC Heap History (20 events):
Event: 4.093 GC heap before
{Heap before GC invocations=20 (full 2):
 PSYoungGen      total 23552K, used 23417K [0x00000000eab00000, 0x00000000ec480000, 0x0000000100000000)
  eden space 22016K, 100% used [0x00000000eab00000,0x00000000ec080000,0x00000000ec080000)
  from space 1536K, 91% used [0x00000000ec100000,0x00000000ec25e580,0x00000000ec280000)
  to   space 2048K, 0% used [0x00000000ec280000,0x00000000ec280000,0x00000000ec480000)
 ParOldGen       total 68608K, used 20956K [0x00000000c0000000, 0x00000000c4300000, 0x00000000eab00000)
  object space 68608K, 30% used [0x00000000c0000000,0x00000000c1477360,0x00000000c4300000)
 Metaspace       used 44735K, committed 45888K, reserved 1114112K
  class space    used 4750K, committed 5248K, reserved 1048576K
}
Event: 4.097 GC heap after
{Heap after GC invocations=20 (full 2):
 PSYoungGen      total 21504K, used 2029K [0x00000000eab00000, 0x00000000ec980000, 0x0000000100000000)
  eden space 19456K, 0% used [0x00000000eab00000,0x00000000eab00000,0x00000000ebe00000)
  from space 2048K, 99% used [0x00000000ec280000,0x00000000ec47b570,0x00000000ec480000)
  to   space 4608K, 0% used [0x00000000ebe00000,0x00000000ebe00000,0x00000000ec280000)
 ParOldGen       total 68608K, used 22930K [0x00000000c0000000, 0x00000000c4300000, 0x00000000eab00000)
  object space 68608K, 33% used [0x00000000c0000000,0x00000000c1664b20,0x00000000c4300000)
 Metaspace       used 44735K, committed 45888K, reserved 1114112K
  class space    used 4750K, committed 5248K, reserved 1048576K
}
Event: 4.131 GC heap before
{Heap before GC invocations=21 (full 2):
 PSYoungGen      total 21504K, used 21485K [0x00000000eab00000, 0x00000000ec980000, 0x0000000100000000)
  eden space 19456K, 100% used [0x00000000eab00000,0x00000000ebe00000,0x00000000ebe00000)
  from space 2048K, 99% used [0x00000000ec280000,0x00000000ec47b570,0x00000000ec480000)
  to   space 4608K, 0% used [0x00000000ebe00000,0x00000000ebe00000,0x00000000ec280000)
 ParOldGen       total 68608K, used 22930K [0x00000000c0000000, 0x00000000c4300000, 0x00000000eab00000)
  object space 68608K, 33% used [0x00000000c0000000,0x00000000c1664b20,0x00000000c4300000)
 Metaspace       used 45221K, committed 46400K, reserved 1114112K
  class space    used 4799K, committed 5312K, reserved 1048576K
}
Event: 4.134 GC heap after
{Heap after GC invocations=21 (full 2):
 PSYoungGen      total 21504K, used 1728K [0x00000000eab00000, 0x00000000ec300000, 0x0000000100000000)
  eden space 19456K, 0% used [0x00000000eab00000,0x00000000eab00000,0x00000000ebe00000)
  from space 2048K, 84% used [0x00000000ebe00000,0x00000000ebfb0010,0x00000000ec000000)
  to   space 2560K, 0% used [0x00000000ec080000,0x00000000ec080000,0x00000000ec300000)
 ParOldGen       total 68608K, used 24880K [0x00000000c0000000, 0x00000000c4300000, 0x00000000eab00000)
  object space 68608K, 36% used [0x00000000c0000000,0x00000000c184c080,0x00000000c4300000)
 Metaspace       used 45221K, committed 46400K, reserved 1114112K
  class space    used 4799K, committed 5312K, reserved 1048576K
}
Event: 4.189 GC heap before
{Heap before GC invocations=22 (full 2):
 PSYoungGen      total 21504K, used 21184K [0x00000000eab00000, 0x00000000ec300000, 0x0000000100000000)
  eden space 19456K, 100% used [0x00000000eab00000,0x00000000ebe00000,0x00000000ebe00000)
  from space 2048K, 84% used [0x00000000ebe00000,0x00000000ebfb0010,0x00000000ec000000)
  to   space 2560K, 0% used [0x00000000ec080000,0x00000000ec080000,0x00000000ec300000)
 ParOldGen       total 68608K, used 24880K [0x00000000c0000000, 0x00000000c4300000, 0x00000000eab00000)
  object space 68608K, 36% used [0x00000000c0000000,0x00000000c184c080,0x00000000c4300000)
 Metaspace       used 45690K, committed 46848K, reserved 1114112K
  class space    used 4860K, committed 5376K, reserved 1048576K
}
Event: 4.191 GC heap after
{Heap after GC invocations=22 (full 2):
 PSYoungGen      total 21504K, used 2554K [0x00000000eab00000, 0x00000000ec400000, 0x0000000100000000)
  eden space 18944K, 0% used [0x00000000eab00000,0x00000000eab00000,0x00000000ebd80000)
  from space 2560K, 99% used [0x00000000ec080000,0x00000000ec2fea10,0x00000000ec300000)
  to   space 3072K, 0% used [0x00000000ebd80000,0x00000000ebd80000,0x00000000ec080000)
 ParOldGen       total 68608K, used 26472K [0x00000000c0000000, 0x00000000c4300000, 0x00000000eab00000)
  object space 68608K, 38% used [0x00000000c0000000,0x00000000c19da090,0x00000000c4300000)
 Metaspace       used 45690K, committed 46848K, reserved 1114112K
  class space    used 4860K, committed 5376K, reserved 1048576K
}
Event: 4.227 GC heap before
{Heap before GC invocations=23 (full 2):
 PSYoungGen      total 21504K, used 21498K [0x00000000eab00000, 0x00000000ec400000, 0x0000000100000000)
  eden space 18944K, 100% used [0x00000000eab00000,0x00000000ebd80000,0x00000000ebd80000)
  from space 2560K, 99% used [0x00000000ec080000,0x00000000ec2fea10,0x00000000ec300000)
  to   space 3072K, 0% used [0x00000000ebd80000,0x00000000ebd80000,0x00000000ec080000)
 ParOldGen       total 68608K, used 26472K [0x00000000c0000000, 0x00000000c4300000, 0x00000000eab00000)
  object space 68608K, 38% used [0x00000000c0000000,0x00000000c19da090,0x00000000c4300000)
 Metaspace       used 45749K, committed 46912K, reserved 1114112K
  class space    used 4860K, committed 5376K, reserved 1048576K
}
Event: 4.229 GC heap after
{Heap after GC invocations=23 (full 2):
 PSYoungGen      total 21504K, used 2107K [0x00000000eab00000, 0x00000000ec280000, 0x0000000100000000)
  eden space 18944K, 0% used [0x00000000eab00000,0x00000000eab00000,0x00000000ebd80000)
  from space 2560K, 82% used [0x00000000ebd80000,0x00000000ebf8ec18,0x00000000ec000000)
  to   space 2560K, 0% used [0x00000000ec000000,0x00000000ec000000,0x00000000ec280000)
 ParOldGen       total 68608K, used 28900K [0x00000000c0000000, 0x00000000c4300000, 0x00000000eab00000)
  object space 68608K, 42% used [0x00000000c0000000,0x00000000c1c39048,0x00000000c4300000)
 Metaspace       used 45749K, committed 46912K, reserved 1114112K
  class space    used 4860K, committed 5376K, reserved 1048576K
}
Event: 4.266 GC heap before
{Heap before GC invocations=24 (full 2):
 PSYoungGen      total 21504K, used 21051K [0x00000000eab00000, 0x00000000ec280000, 0x0000000100000000)
  eden space 18944K, 100% used [0x00000000eab00000,0x00000000ebd80000,0x00000000ebd80000)
  from space 2560K, 82% used [0x00000000ebd80000,0x00000000ebf8ec18,0x00000000ec000000)
  to   space 2560K, 0% used [0x00000000ec000000,0x00000000ec000000,0x00000000ec280000)
 ParOldGen       total 68608K, used 28900K [0x00000000c0000000, 0x00000000c4300000, 0x00000000eab00000)
  object space 68608K, 42% used [0x00000000c0000000,0x00000000c1c39048,0x00000000c4300000)
 Metaspace       used 45817K, committed 47040K, reserved 1114112K
  class space    used 4861K, committed 5376K, reserved 1048576K
}
Event: 4.269 GC heap after
{Heap after GC invocations=24 (full 2):
 PSYoungGen      total 21504K, used 2314K [0x00000000eab00000, 0x00000000ec280000, 0x0000000100000000)
  eden space 18944K, 0% used [0x00000000eab00000,0x00000000eab00000,0x00000000ebd80000)
  from space 2560K, 90% used [0x00000000ec000000,0x00000000ec242930,0x00000000ec280000)
  to   space 2560K, 0% used [0x00000000ebd80000,0x00000000ebd80000,0x00000000ec000000)
 ParOldGen       total 68608K, used 30904K [0x00000000c0000000, 0x00000000c4300000, 0x00000000eab00000)
  object space 68608K, 45% used [0x00000000c0000000,0x00000000c1e2e338,0x00000000c4300000)
 Metaspace       used 45817K, committed 47040K, reserved 1114112K
  class space    used 4861K, committed 5376K, reserved 1048576K
}
Event: 4.303 GC heap before
{Heap before GC invocations=25 (full 2):
 PSYoungGen      total 21504K, used 21258K [0x00000000eab00000, 0x00000000ec280000, 0x0000000100000000)
  eden space 18944K, 100% used [0x00000000eab00000,0x00000000ebd80000,0x00000000ebd80000)
  from space 2560K, 90% used [0x00000000ec000000,0x00000000ec242930,0x00000000ec280000)
  to   space 2560K, 0% used [0x00000000ebd80000,0x00000000ebd80000,0x00000000ec000000)
 ParOldGen       total 68608K, used 30904K [0x00000000c0000000, 0x00000000c4300000, 0x00000000eab00000)
  object space 68608K, 45% used [0x00000000c0000000,0x00000000c1e2e338,0x00000000c4300000)
 Metaspace       used 45895K, committed 47104K, reserved 1114112K
  class space    used 4865K, committed 5376K, reserved 1048576K
}
Event: 4.306 GC heap after
{Heap after GC invocations=25 (full 2):
 PSYoungGen      total 21504K, used 2463K [0x00000000eab00000, 0x00000000ec280000, 0x0000000100000000)
  eden space 18944K, 0% used [0x00000000eab00000,0x00000000eab00000,0x00000000ebd80000)
  from space 2560K, 96% used [0x00000000ebd80000,0x00000000ebfe7c20,0x00000000ec000000)
  to   space 2560K, 0% used [0x00000000ec000000,0x00000000ec000000,0x00000000ec280000)
 ParOldGen       total 68608K, used 33078K [0x00000000c0000000, 0x00000000c4300000, 0x00000000eab00000)
  object space 68608K, 48% used [0x00000000c0000000,0x00000000c204d980,0x00000000c4300000)
 Metaspace       used 45895K, committed 47104K, reserved 1114112K
  class space    used 4865K, committed 5376K, reserved 1048576K
}
Event: 4.334 GC heap before
{Heap before GC invocations=26 (full 2):
 PSYoungGen      total 21504K, used 21407K [0x00000000eab00000, 0x00000000ec280000, 0x0000000100000000)
  eden space 18944K, 100% used [0x00000000eab00000,0x00000000ebd80000,0x00000000ebd80000)
  from space 2560K, 96% used [0x00000000ebd80000,0x00000000ebfe7c20,0x00000000ec000000)
  to   space 2560K, 0% used [0x00000000ec000000,0x00000000ec000000,0x00000000ec280000)
 ParOldGen       total 68608K, used 33078K [0x00000000c0000000, 0x00000000c4300000, 0x00000000eab00000)
  object space 68608K, 48% used [0x00000000c0000000,0x00000000c204d980,0x00000000c4300000)
 Metaspace       used 45963K, committed 47168K, reserved 1114112K
  class space    used 4872K, committed 5376K, reserved 1048576K
}
Event: 4.337 GC heap after
{Heap after GC invocations=26 (full 2):
 PSYoungGen      total 18432K, used 2537K [0x00000000eab00000, 0x00000000ec880000, 0x0000000100000000)
  eden space 15872K, 0% used [0x00000000eab00000,0x00000000eab00000,0x00000000eba80000)
  from space 2560K, 99% used [0x00000000ec000000,0x00000000ec27a5d8,0x00000000ec280000)
  to   space 5632K, 0% used [0x00000000eba80000,0x00000000eba80000,0x00000000ec000000)
 ParOldGen       total 68608K, used 35444K [0x00000000c0000000, 0x00000000c4300000, 0x00000000eab00000)
  object space 68608K, 51% used [0x00000000c0000000,0x00000000c229d308,0x00000000c4300000)
 Metaspace       used 45963K, committed 47168K, reserved 1114112K
  class space    used 4872K, committed 5376K, reserved 1048576K
}
Event: 4.364 GC heap before
{Heap before GC invocations=27 (full 2):
 PSYoungGen      total 18432K, used 18409K [0x00000000eab00000, 0x00000000ec880000, 0x0000000100000000)
  eden space 15872K, 100% used [0x00000000eab00000,0x00000000eba80000,0x00000000eba80000)
  from space 2560K, 99% used [0x00000000ec000000,0x00000000ec27a5d8,0x00000000ec280000)
  to   space 5632K, 0% used [0x00000000eba80000,0x00000000eba80000,0x00000000ec000000)
 ParOldGen       total 68608K, used 35444K [0x00000000c0000000, 0x00000000c4300000, 0x00000000eab00000)
  object space 68608K, 51% used [0x00000000c0000000,0x00000000c229d308,0x00000000c4300000)
 Metaspace       used 46007K, committed 47168K, reserved 1114112K
  class space    used 4875K, committed 5376K, reserved 1048576K
}
Event: 4.367 GC heap after
{Heap after GC invocations=27 (full 2):
 PSYoungGen      total 17920K, used 2040K [0x00000000eab00000, 0x00000000ec180000, 0x0000000100000000)
  eden space 15872K, 0% used [0x00000000eab00000,0x00000000eab00000,0x00000000eba80000)
  from space 2048K, 99% used [0x00000000eba80000,0x00000000ebc7e2c8,0x00000000ebc80000)
  to   space 3584K, 0% used [0x00000000ebe00000,0x00000000ebe00000,0x00000000ec180000)
 ParOldGen       total 68608K, used 37852K [0x00000000c0000000, 0x00000000c4300000, 0x00000000eab00000)
  object space 68608K, 55% used [0x00000000c0000000,0x00000000c24f72a0,0x00000000c4300000)
 Metaspace       used 46007K, committed 47168K, reserved 1114112K
  class space    used 4875K, committed 5376K, reserved 1048576K
}
Event: 4.389 GC heap before
{Heap before GC invocations=28 (full 2):
 PSYoungGen      total 17920K, used 17912K [0x00000000eab00000, 0x00000000ec180000, 0x0000000100000000)
  eden space 15872K, 99% used [0x00000000eab00000,0x00000000eba7ffd8,0x00000000eba80000)
  from space 2048K, 99% used [0x00000000eba80000,0x00000000ebc7e2c8,0x00000000ebc80000)
  to   space 3584K, 0% used [0x00000000ebe00000,0x00000000ebe00000,0x00000000ec180000)
 ParOldGen       total 68608K, used 37852K [0x00000000c0000000, 0x00000000c4300000, 0x00000000eab00000)
  object space 68608K, 55% used [0x00000000c0000000,0x00000000c24f72a0,0x00000000c4300000)
 Metaspace       used 46015K, committed 47168K, reserved 1114112K
  class space    used 4875K, committed 5376K, reserved 1048576K
}
Event: 4.393 GC heap after
{Heap after GC invocations=28 (full 2):
 PSYoungGen      total 17920K, used 2025K [0x00000000eab00000, 0x00000000ec000000, 0x0000000100000000)
  eden space 15872K, 0% used [0x00000000eab00000,0x00000000eab00000,0x00000000eba80000)
  from space 2048K, 98% used [0x00000000ebe00000,0x00000000ebffa778,0x00000000ec000000)
  to   space 2560K, 0% used [0x00000000ebb00000,0x00000000ebb00000,0x00000000ebd80000)
 ParOldGen       total 68608K, used 39777K [0x00000000c0000000, 0x00000000c4300000, 0x00000000eab00000)
  object space 68608K, 57% used [0x00000000c0000000,0x00000000c26d85b0,0x00000000c4300000)
 Metaspace       used 46015K, committed 47168K, reserved 1114112K
  class space    used 4875K, committed 5376K, reserved 1048576K
}
Event: 4.424 GC heap before
{Heap before GC invocations=29 (full 2):
 PSYoungGen      total 17920K, used 17897K [0x00000000eab00000, 0x00000000ec000000, 0x0000000100000000)
  eden space 15872K, 100% used [0x00000000eab00000,0x00000000eba80000,0x00000000eba80000)
  from space 2048K, 98% used [0x00000000ebe00000,0x00000000ebffa778,0x00000000ec000000)
  to   space 2560K, 0% used [0x00000000ebb00000,0x00000000ebb00000,0x00000000ebd80000)
 ParOldGen       total 68608K, used 39777K [0x00000000c0000000, 0x00000000c4300000, 0x00000000eab00000)
  object space 68608K, 57% used [0x00000000c0000000,0x00000000c26d85b0,0x00000000c4300000)
 Metaspace       used 46152K, committed 47296K, reserved 1114112K
  class space    used 4890K, committed 5376K, reserved 1048576K
}
Event: 4.427 GC heap after
{Heap after GC invocations=29 (full 2):
 PSYoungGen      total 18432K, used 2437K [0x00000000eab00000, 0x00000000ebf80000, 0x0000000100000000)
  eden space 15872K, 0% used [0x00000000eab00000,0x00000000eab00000,0x00000000eba80000)
  from space 2560K, 95% used [0x00000000ebb00000,0x00000000ebd615e0,0x00000000ebd80000)
  to   space 2048K, 0% used [0x00000000ebd80000,0x00000000ebd80000,0x00000000ebf80000)
 ParOldGen       total 68608K, used 41685K [0x00000000c0000000, 0x00000000c4300000, 0x00000000eab00000)
  object space 68608K, 60% used [0x00000000c0000000,0x00000000c28b56d8,0x00000000c4300000)
 Metaspace       used 46152K, committed 47296K, reserved 1114112K
  class space    used 4890K, committed 5376K, reserved 1048576K
}

